<?xml version="1.0" encoding="UTF-8"?>
<dataset>

  <PERSONS ID="1" FIRST_NAME="Max" LAST_NAME="Meier" GENDER="MALE" DATE_OF_BIRTH="1968-01-12" />
  <PERSONS ID="2" FIRST_NAME="Üöä" LAST_NAME="Äöüß" GENDER="UNKNOWN" DATE_OF_BIRTH="1970-01-01" />
  <OPPONENTS ID="1" status="ACTIVE" TYPE="P"/>
  <OPPONENTS ID="2" status="ACTIVE" TYPE="P"/>
  <PLAYERS ID="1" PERSON_ID="1" />
  <PLAYERS ID="2" PERSON_ID="2" />

  <RESULTS ID="1" HOME_SCORE="10" GUEST_SCORE="5" POSITION="1" />
  <RESULTS ID="2" HOME_SCORE="5" GUEST_SCORE="10" POSITION="2" />
  
  <MATCHES ID="1" HOME_ID="1" GUEST_ID="2" POSITION="1" RUNNING="FALSE" FINISHED_TIME="[NULL]" />
  
  <MATCH_RESULTS MATCH_ID="1" RESULT_ID="1" />
  <MATCH_RESULTS MATCH_ID="1" RESULT_ID="2" />
   
</dataset>