<?xml version="1.0" encoding="UTF-8"?>
<dataset>
  <!--
   | Match 1
   +-->
  <_PERSONS _ID="1" _FIRST_NAME="Max" _LAST_NAME="Meier" _GENDER="MALE" _DATE_OF_BIRTH="1968-01-12" />
  <_PERSONS _ID="2" _FIRST_NAME="Üöä" _LAST_NAME="Äöüß" _GENDER="UNKNOWN" _DATE_OF_BIRTH="1970-01-01" />
  <_OPPONENTS _ID="1" TYPE="PLAYER" _status="ACTIVE" />
  <_OPPONENTS _ID="2" TYPE="PLAYER" _status="ACTIVE" />
  <_PLAYERS _ID="1" _PERSON_ID="1" />
  <_PLAYERS _ID="2" _PERSON_ID="2" />
  <_RESULTS _ID="1" _HOME_SCORE="10" _GUEST_SCORE="5" _POSITION="1" />
  <_RESULTS _ID="2" _HOME_SCORE="5" _GUEST_SCORE="10" _POSITION="2" />
  <_MATCHES _ID="1" _HOME_ID="1" _GUEST_ID="2" _POSITION="1" _RUNNING="FALSE" _FINISHED_TIME="[NULL]" />
  <_MATCH_RESULTS _MATCH_ID="1" _RESULT_ID="1" />
  <_MATCH_RESULTS _MATCH_ID="1" _RESULT_ID="2" />

  <!--
   | Match 2
   +-->
  <_PERSONS _ID="3" _FIRST_NAME="Max" _LAST_NAME="Meier" _GENDER="MALE" _DATE_OF_BIRTH="1968-01-12" />
  <_PERSONS _ID="4" _FIRST_NAME="Üöä" _LAST_NAME="Äöüß" _GENDER="UNKNOWN" _DATE_OF_BIRTH="1970-01-01" />
  <_OPPONENTS _ID="3" TYPE="PLAYER" _status="ACTIVE" />
  <_OPPONENTS _ID="4" TYPE="PLAYER" _status="ACTIVE" />
  <_PLAYERS _ID="3" _PERSON_ID="3" />
  <_PLAYERS _ID="4" _PERSON_ID="4" />
  <_RESULTS _ID="3" _HOME_SCORE="10" _GUEST_SCORE="5" _POSITION="1" />
  <_RESULTS _ID="4" _HOME_SCORE="5" _GUEST_SCORE="10" _POSITION="2" />
  <_MATCHES _ID="2" _HOME_ID="3" _GUEST_ID="4" _POSITION="1" _RUNNING="TRUE" _FINISHED_TIME="[NULL]" />
  <_MATCH_RESULTS _MATCH_ID="2" _RESULT_ID="3" />
  <_MATCH_RESULTS _MATCH_ID="2" _RESULT_ID="4" />

  <_TOURNAMENTS _ID="1" _NAME="tournament-1" />
  <_DISCIPLINES _ID="1" _NAME="discipline" />
  <_TOURNAMENT_DISCIPLINES _TOURNAMENT_ID="1" _DISCIPLINE_ID="1" />
  <_ROUNDS _ID="1" _POSITION="1" _QUALIFIED="0" _SYSTEM="ROUND_ROBIN" />
  <_DISCIPLINES_ROUNDS _DISCIPLINE_ID="1" _ROUND_ID="1" />
  <_GROUPS _ID="1" _POSITION="1" />
  <_ROUNDS_GROUPS _ROUND_ID="1" _GROUP_ID="1" />
  <_GROUPS_MATCHES _GROUP_ID="1" _MATCH_ID="1" />
  <_GROUPS_MATCHES _GROUP_ID="1" _MATCH_ID="2" />
</dataset>