<?xml version="1.0" encoding="UTF-8"?>
<dataset>
  <_ROUNDS _ID="1" _POSITION="1" _QUALIFIED="4" _SYSTEM="DOUBLE_ELIMINATION"/>
  <_ROUNDS _ID="2" _POSITION="2" _QUALIFIED="4" _SYSTEM="DOUBLE_ELIMINATION"/>
</dataset>