<?xml version="1.0" encoding="UTF-8"?>
<dataset>
  <COURTS ID="1" NR="1" />

  <TOURNAMENTS ID="1" NAME="Testturnier-1" />
  <TOURNAMENTS ID="2" NAME="Testturnier-2" />
  
  <GYMNASIUMS ID="1" NAME="Halle-1" />
  <GYMNASIUMS ID="2" NAME="Halle-2" />

  <GYMNASIUM_COURTS GYMNASIUM_ID="1" COURT_ID="1" />

  <TOURNAMENT_GYMNASIUMS TOURNAMENT_ID="1" GYMNASIUM_ID="1" />
  <TOURNAMENT_GYMNASIUMS TOURNAMENT_ID="1" GYMNASIUM_ID="2" />
</dataset>