<?xml version="1.0" encoding="UTF-8"?>
<dataset>
  <TOURNAMENTS ID="1" NAME="Testturnier-1" />
  <TOURNAMENTS ID="2" NAME="Testturnier-2" />

  <DISCIPLINES ID="1" NAME="DD" />
  <RESTRICTIONS ID="1" DISCRIMINATOR="A" />
  <RESTRICTIONS ID="2" DISCRIMINATOR="G" />
  <RESTRICTIONS ID="3" DISCRIMINATOR="O" />
  <AGE_RESTRICTIONS ID="1" MIN_DATE_OF_BIRTH="2000-01-01" MAX_DATE_OF_BIRTH="2002-12-31" />
  <GENDER_RESTRICTIONS ID="2" GENDER="FEMALE" />
  <OPPONENT_TYPE_RESTRICTIONS ID="3" OPPONENT_TYPE="SQUAD" />

  <PERSONS ID="1" FIRST_NAME="Max" LAST_NAME="Meier" GENDER="MALE" DATE_OF_BIRTH="1968-01-12" />
  <PERSONS ID="2" FIRST_NAME="Üöä" LAST_NAME="Aöüß" GENDER="UNKNOWN" DATE_OF_BIRTH="1970-01-01" />
  <PERSONS ID="3" FIRST_NAME="nimmt_nicht_am_turnier_teil" LAST_NAME="huhu" GENDER="UNKNOWN" DATE_OF_BIRTH="1970-01-01" />
  <PERSONS ID="4" FIRST_NAME="nimmt_nicht_am_turnier_teil" LAST_NAME="huhu" GENDER="UNKNOWN" DATE_OF_BIRTH="1970-01-01" />
  <PERSONS ID="5" FIRST_NAME="KeinemTurnierZugeordnetVorname" LAST_NAME="KeineTurnierZugeordnetNachname" GENDER="UNKNOWN" DATE_OF_BIRTH="1970-01-01" />
    
  <OPPONENTS ID="1" status="ACTIVE" TYPE="P"/>
  <OPPONENTS ID="2" status="ACTIVE" TYPE="P"/>
  <OPPONENTS ID="3" status="ACTIVE" TYPE="S"/>
  <OPPONENTS ID="4" status="ACTIVE" TYPE="P"/>
  <OPPONENTS ID="5" status="ACTIVE" TYPE="P"/>
  <OPPONENTS ID="6" status="ACTIVE" TYPE="P"/>
  
  <PLAYERS ID="1" PERSON_ID="1" />
  <PLAYERS ID="2" PERSON_ID="2" />
  <PLAYERS ID="4" PERSON_ID="3" />
  <PLAYERS ID="5" PERSON_ID="4" />
  <!-- Player ist keinem Turnier zugeordnet -->
  <PLAYERS ID="6" PERSON_ID="5" />

  <SQUADS ID="3" />
  <SQUAD_PLAYERS SQUAD_ID="3" PLAYER_ID="1" />
  <SQUAD_PLAYERS SQUAD_ID="3" PLAYER_ID="2" />

  <DISCIPLINES_OPPONENTS DISCIPLINE_ID="1" OPPONENT_ID="1" />
  <DISCIPLINES_OPPONENTS DISCIPLINE_ID="1" OPPONENT_ID="2" />
  <DISCIPLINES_RESTRICTIONS ID="1" RESTRICTION_ID="1" />
  <DISCIPLINES_RESTRICTIONS ID="1" RESTRICTION_ID="2" />
  <DISCIPLINES_RESTRICTIONS ID="1" RESTRICTION_ID="3" />
  <TOURNAMENT_DISCIPLINES TOURNAMENT_ID="1" DISCIPLINE_ID="1" />
  
  <TOURNAMENT_OPPONENTS TOURNAMENT_ID="1" OPPONENT_ID="1" />
  <TOURNAMENT_OPPONENTS TOURNAMENT_ID="1" OPPONENT_ID="2" />
  <TOURNAMENT_OPPONENTS TOURNAMENT_ID="1" OPPONENT_ID="3" />
  <TOURNAMENT_OPPONENTS TOURNAMENT_ID="2" OPPONENT_ID="5" />
</dataset>