<?xml version="1.0" encoding="UTF-8"?>
<dataset>
  <_CLUBS _ID="1" _NAME="Dings" />
  <_CLUBS _ID="2" _NAME="Bums" />

  <_PERSONS _ID="1" _FIRST_NAME="Max" _LAST_NAME="Meier" _GENDER="MALE" _DATE_OF_BIRTH="1968-01-12" />
  <_PERSONS _ID="2" _FIRST_NAME="Üöä" _LAST_NAME="Aöüß" _GENDER="UNKNOWN" _DATE_OF_BIRTH="1970-01-01" />
  <_PERSONS _ID="3" _FIRST_NAME="Dings" _LAST_NAME="Bums" _GENDER="UNKNOWN" _DATE_OF_BIRTH="1970-01-01" />
  <_OPPONENTS _ID="1" TYPE="PLAYER" _status="ACTIVE" />
  <_OPPONENTS _ID="2" TYPE="PLAYER" _status="ACTIVE" />
  <_OPPONENTS _ID="3" TYPE="PLAYER" _status="ACTIVE" />
  <_PLAYERS _ID="1" _PERSON_ID="1" _CLUB_ID="1" />
  <_PLAYERS _ID="2" _PERSON_ID="2" _CLUB_ID="1" />
  <_PLAYERS _ID="3" _PERSON_ID="3" _CLUB_ID="[NULL]" />
</dataset>