<?xml version="1.0" encoding="UTF-8"?>
<dataset>
  <_COURTS _ID="1" _NR="1" />
  <_COURTS _ID="2" _NR="2" />
</dataset>