<?xml version="1.0" encoding="UTF-8"?>
<dataset>
  <RESTRICTIONS ID="1" DISCRIMINATOR="G" />
  <RESTRICTIONS ID="2" DISCRIMINATOR="G" />
  <RESTRICTIONS ID="3" DISCRIMINATOR="A" />
  <RESTRICTIONS ID="4" DISCRIMINATOR="O" />
  
  <GENDER_RESTRICTIONS ID="1" GENDER="FEMALE" />
  <GENDER_RESTRICTIONS ID="2" GENDER="MALE" />
  
  <!-- 
   | JPA speichert java.time.LocalDate mit einem Tag Versatz?  
   +-->
  <AGE_RESTRICTIONS ID="3" MAX_DATE_OF_BIRTH="1999-01-02" MIN_DATE_OF_BIRTH="1998-06-06"/>
    
  <OPPONENT_TYPE_RESTRICTIONS ID="4" OPPONENT_TYPE="PLAYER" />
</dataset>