<?xml version="1.0" encoding="UTF-8"?>
<dataset>
  <_PERSONS _ID="1" _FIRST_NAME="Max" _LAST_NAME="Meier" _GENDER="M" _DATE_OF_BIRTH="1968-01-12" />
  <_PERSONS _ID="2" _FIRST_NAME="Üöä" _LAST_NAME="Äöüß" _GENDER="U" _DATE_OF_BIRTH="1970-01-01" />
  <_PERSONS _ID="3" _FIRST_NAME="threeFN" _LAST_NAME="threeLN" _GENDER="M" _DATE_OF_BIRTH="1970-01-01" />
  <_PERSONS _ID="4" _FIRST_NAME="fourFN" _LAST_NAME="fourLN" _GENDER="M" _DATE_OF_BIRTH="1970-01-01" />
  <_PERSONS _ID="5" _FIRST_NAME="fiveFN" _LAST_NAME="fiveLN" _GENDER="U" _DATE_OF_BIRTH="1970-01-01" />
  <_OPPONENTS _ID="1" _status="ACTIVE" />
  <_OPPONENTS _ID="2" _status="INACTIVE" />
  <_OPPONENTS _ID="3" _status="INACTIVE" />
  <_OPPONENTS _ID="4" _status="INACTIVE" />
  <_OPPONENTS _ID="5" _status="INACTIVE" />
  <_PLAYERS _ID="1" _PERSON_ID="1" />
  <_PLAYERS _ID="2" _PERSON_ID="2" />
  <_PLAYERS _ID="3" _PERSON_ID="3" />
  <_PLAYERS _ID="4" _PERSON_ID="4" />
  <_PLAYERS _ID="5" _PERSON_ID="5" />

  <_DISCIPLINES _ID="1" _NAME="DisciplineName" />
  <_RESTRICTIONS _ID="1" />
  <_RESTRICTIONS _ID="2" />
  <_RESTRICTIONS _ID="3" />
  <_AGE_RESTRICTIONS _ID="1" _MIN_DATE_OF_BIRTH="1968-01-12" _MAX_DATE_OF_BIRTH="1970-01-01" />
  <_GENDER_RESTRICTIONS _ID="2" _GENDER="MALE" />
  <_OPPONENT_TYPE_RESTRICTIONS _ID="3" _OPPONENT_TYPE="PLAYER" />

  <_DISCIPLINES_OPPONENTS _DISCIPLINE_ID="1" _OPPONENT_ID="1" />
  <_DISCIPLINES_OPPONENTS _DISCIPLINE_ID="1" _OPPONENT_ID="2" />
  <_DISCIPLINES_OPPONENTS _DISCIPLINE_ID="1" _OPPONENT_ID="3" />

  <_GROUPS _ID="1" />
  <_POSITIONAL_OPPONENTS _ID="1" _OPPONENT_ID="1" _POSITION="1" />
  <_POSITIONAL_OPPONENTS _ID="2" _OPPONENT_ID="2" _POSITION="2" />
  <_GROUPS_POSITIONAL_OPPONENTS _GROUP_ID="1" _POSITIONAL_OPPONENT_ID="1" />
  <_GROUPS_POSITIONAL_OPPONENTS _GROUP_ID="1" _POSITIONAL_OPPONENT_ID="2" />

  <_ROUNDS _ID="1" _POSITION="1" _QUALIFIED="1" _SYSTEM="ROUND_ROBIN"/>
  <_ROUNDS _ID="2" _POSITION="2" _QUALIFIED="1" _SYSTEM="ROUND_ROBIN"/>
  <_ROUNDS_GROUPS _ROUND_ID="1" _GROUP_ID="1" />

  <_DISCIPLINES_ROUNDS _DISCIPLINE_ID="1" _ROUND_ID="1" />
  <_DISCIPLINES_ROUNDS _DISCIPLINE_ID="1" _ROUND_ID="2" />

</dataset>