<?xml version="1.0" encoding="UTF-8"?>
<dataset>
  <ROUNDS ID="1" />
</dataset>