<?xml version="1.0" encoding="UTF-8"?>
<dataset>
  <TOURNAMENTS ID="1" NAME="Testturnier" />

  <PERSONS ID="1" FIRST_NAME="Max" LAST_NAME="Meier" GENDER="MALE" DATE_OF_BIRTH="1968-01-12" />
  <PERSONS ID="2" FIRST_NAME="Üöä" LAST_NAME="Äöüß" GENDER="UNKNOWN" DATE_OF_BIRTH="1970-01-01" />
  <PERSONS ID="3" FIRST_NAME="nimmt_nicht_am_turnier_teil" LAST_NAME="huhu" GENDER="UNKNOWN" DATE_OF_BIRTH="1970-01-01" />
    
  <OPPONENTS ID="1" status="ACTIVE" TYPE="P"/>
  <OPPONENTS ID="2" status="ACTIVE" TYPE="P"/>
  <OPPONENTS ID="3" status="ACTIVE" TYPE="S"/>
  <OPPONENTS ID="4" status="ACTIVE" TYPE="P"/>
  
  <PLAYERS ID="1" PERSON_ID="1" />
  <PLAYERS ID="2" PERSON_ID="2" />
  <PLAYERS ID="4" PERSON_ID="3" />
  
  <SQUADS ID="3" />
  <SQUAD_PLAYERS SQUAD_ID="3" PLAYER_ID="1" />
  <SQUAD_PLAYERS SQUAD_ID="3" PLAYER_ID="2" />
  
  <TOURNAMENT_SUBSCRIBERS TOURNAMENT_ID="1" OPPONENT_ID="1" />
  <TOURNAMENT_SUBSCRIBERS TOURNAMENT_ID="1" OPPONENT_ID="2" /> 
  
  <TOURNAMENT_OPPONENTS TOURNAMENT_ID="1" OPPONENT_ID="1" />
  <TOURNAMENT_OPPONENTS TOURNAMENT_ID="1" OPPONENT_ID="2" />
  <TOURNAMENT_OPPONENTS TOURNAMENT_ID="1" OPPONENT_ID="3" />
</dataset>