<?xml version="1.0" encoding="UTF-8"?>
<dataset>
  <_PERSONS _ID="1" _FIRST_NAME="Sven" _LAST_NAME="Suessenguth" _GENDER="MALE" />

  <_OPPONENTS _ID="1" TYPE="BYE" _status="ACTIVE" />
  <_OPPONENTS _ID="2" TYPE="PLAYER" _status="ACTIVE" />
  
  <_BYES _ID="1"/>
  
  <_PLAYERS _ID="2" _PERSON_ID="1"/>
  
</dataset>