<?xml version="1.0" encoding="UTF-8"?>
<dataset>
  <TOURNAMENTS TOURNAMENT_ID="1" NAME="Testturnier" />

  <PERSONS PERSON_ID="1" FIRST_NAME="Max" LAST_NAME="Meier" GENDER="MALE" DATE_OF_BIRTH="1968-01-12" />
  <PERSONS PERSON_ID="2" FIRST_NAME="Üöä" LAST_NAME="Äöüß" GENDER="UNKNOWN" DATE_OF_BIRTH="1970-01-01" />
    
  <OPPONENTS OPPONENT_ID="1" status="ACTIVE" TYPE="P"/>
  <OPPONENTS OPPONENT_ID="2" status="ACTIVE" TYPE="P"/>
  
  <PLAYERS OPPONENT_ID="1" PERSON_ID="1" />
  <PLAYERS OPPONENT_ID="2" PERSON_ID="2" />
  
  <TOURNAMENT_SUBSCRIBERS TOURNAMENT_ID="1" OPPONENT_ID="1" />
  <TOURNAMENT_SUBSCRIBERS TOURNAMENT_ID="1" OPPONENT_ID="2" /> 
</dataset>