<?xml version="1.0" encoding="UTF-8"?>
<dataset>
  <!-- One Player and one Bye -->
  <_PERSONS _ID="1" _FIRST_NAME="Sven" _LAST_NAME="Suessenguth" _GENDER="MALE" />
  <_OPPONENTS _ID="1" TYPE="BYE" _status="ACTIVE" />
  <_OPPONENTS _ID="2" TYPE="PLAYER" _status="ACTIVE" />
  <_BYES _ID="1"/>
  <_PLAYERS _ID="2" _PERSON_ID="1"/>

  <_GROUPS _ID="1" _POSITION="0" />
  <_GROUPS _ID="2" _POSITION="2" />
  <_GROUPS _ID="3" _POSITION="3" />
  <_GROUPS _ID="4" _POSITION="1" />
  <_GROUPS _ID="5" _POSITION="0" />
  <_GROUPS _ID="6" _POSITION="1" />

  <_POSITIONAL_OPPONENTS _ID="1" _OPPONENT_ID="1" _POSITION="1" />
  <_POSITIONAL_OPPONENTS _ID="2" _OPPONENT_ID="2" _POSITION="1" />
  <_GROUPS_POSITIONAL_OPPONENTS _GROUP_ID="1" _POSITIONAL_OPPONENT_ID="1"/>
  <_GROUPS_POSITIONAL_OPPONENTS _GROUP_ID="2" _POSITIONAL_OPPONENT_ID="2"/>

  <_ROUNDS _ID="1" _POSITION="1" _QUALIFIED="4" _SYSTEM="DOUBLE_ELIMINATION"/>
  <_ROUNDS _ID="2" _POSITION="2" _QUALIFIED="4" _SYSTEM="DOUBLE_ELIMINATION"/>

  <_ROUNDS_GROUPS _ROUND_ID="1" _GROUP_ID="1" />
  <_ROUNDS_GROUPS _ROUND_ID="1" _GROUP_ID="2" />
  <_ROUNDS_GROUPS _ROUND_ID="1" _GROUP_ID="3" />
  <_ROUNDS_GROUPS _ROUND_ID="1" _GROUP_ID="4" />

  <_DISCIPLINES _ID="1" _NAME="D"/>
  <_DISCIPLINES_ROUNDS _DISCIPLINE_ID="1" _ROUND_ID="1" />
  <_DISCIPLINES_ROUNDS _DISCIPLINE_ID="1" _ROUND_ID="2" />

  <_DISCIPLINES_OPPONENTS _DISCIPLINE_ID="1" _OPPONENT_ID="1" />
  <_DISCIPLINES_OPPONENTS _DISCIPLINE_ID="1" _OPPONENT_ID="2" />
</dataset>