<?xml version="1.0" encoding="UTF-8"?>
<dataset>
  <COURTS ID="1" NR="1" />
  <COURTS ID="2" NR="2" />
</dataset>