<?xml version="1.0" encoding="UTF-8"?>
<dataset>
  <PERSONS PERSON_ID="1" FIRST_NAME="Sven" LAST_NAME="Suessenguth" GENDER="MALE" />

  <OPPONENTS OPPONENT_ID="1" status="ACTIVE" TYPE="B"/>
  <OPPONENTS OPPONENT_ID="2" status="ACTIVE" TYPE="P"/>
  
  <BYES  OPPONENT_ID="1"/>
  
  <PLAYERS OPPONENT_ID="2" PERSON_ID="1"/>
  
</dataset>