<?xml version="1.0" encoding="UTF-8"?>
<dataset>
  <RESTRICTIONS ID="1" TYPE="G" />
  <RESTRICTIONS ID="2" TYPE="G" />
  <RESTRICTIONS ID="3" TYPE="A" />
  <RESTRICTIONS ID="4" TYPE="T" />
  
  <GENDERRESTRICTIONS ID="1" VALIDGENDER="FEMALE" />
  <GENDERRESTRICTIONS ID="2" VALIDGENDER="MALE" />
  
  <!-- 
   | JPA speichert java.time.LocalDate mit einem Tag Versatz?  
   +-->
  <AGERESTRICTIONS ID="3" MAX_DATE_OF_BIRTH="1999-01-02" MIN_DATE_OF_BIRTH="1998-06-06"/>
    
  <OPPONENTTYPERESTRICTIONS ID="4" VALIDOPPONENTTYPE="PLAYER" />
</dataset>