<?xml version="1.0" encoding="UTF-8"?>
<dataset>
  <_PERSONS _ID="1" _FIRST_NAME="Max" _LAST_NAME="Meier" _GENDER="MALE" _DATE_OF_BIRTH="1968-01-12" />
  <_PERSONS _ID="2" _FIRST_NAME="Üöä" _LAST_NAME="Aöüß" _GENDER="UNKNOWN" _DATE_OF_BIRTH="1970-01-01" />
  <_PERSONS _ID="3" _FIRST_NAME="vn3" _LAST_NAME="nn3" _GENDER="MALE" _DATE_OF_BIRTH="1968-01-12" />
  <_PERSONS _ID="4" _FIRST_NAME="vn4" _LAST_NAME="nn4" _GENDER="UNKNOWN" _DATE_OF_BIRTH="1970-01-01" />
  
  <_OPPONENTS _ID="1" TYPE="PLAYER" _status="ACTIVE" />
  <_OPPONENTS _ID="2" TYPE="PLAYER" _status="INACTIVE" />
  <_OPPONENTS _ID="3" TYPE="PLAYER" _status="ACTIVE" />
  <_OPPONENTS _ID="4" TYPE="PLAYER" _status="INACTIVE" />
  <_OPPONENTS _ID="5" TYPE="SQUAD" _status="ACTIVE" />
  <_OPPONENTS _ID="6" TYPE="SQUAD" _status="ACTIVE" />
    
  <_PLAYERS _ID="1" _PERSON_ID="1" />
  <_PLAYERS _ID="2" _PERSON_ID="2" />
  <_PLAYERS _ID="3" _PERSON_ID="3" />
  <_PLAYERS _ID="4" _PERSON_ID="4" />
  
  <_SQUADS _ID="5" />
  <_SQUADS _ID="6" />
  
  <_SQUAD_PLAYERS _SQUAD_ID="5" _PLAYER_ID="1" />

  <_SQUAD_PLAYERS _SQUAD_ID="6" _PLAYER_ID="3" />
  <_SQUAD_PLAYERS _SQUAD_ID="6" _PLAYER_ID="4" />
  
  <_TOURNAMENTS _ID="1" _NAME="name_1" />
  
  <_TOURNAMENT_OPPONENTS _TOURNAMENT_ID="1" _OPPONENT_ID="5" />
  <_TOURNAMENT_OPPONENTS _TOURNAMENT_ID="1" _OPPONENT_ID="6" />
</dataset>