<?xml version="1.0" encoding="UTF-8"?>
<dataset>
  <_RESTRICTIONS TYPE="GENDER" _ID="1" />
  <_RESTRICTIONS TYPE="GENDER" _ID="2" />
  <_RESTRICTIONS TYPE="AGE" _ID="3" />
  <_RESTRICTIONS TYPE="OPPONENT_TYPE" _ID="4" />
  
  <_GENDER_RESTRICTIONS _ID="1" _GENDER="FEMALE" />
  <_GENDER_RESTRICTIONS _ID="2" _GENDER="MALE" />
  
  <_AGE_RESTRICTIONS _ID="3" _MAX_DATE_OF_BIRTH="1999-01-02" _MIN_DATE_OF_BIRTH="1998-06-06"/>
    
  <_OPPONENT_TYPE_RESTRICTIONS _ID="4" _OPPONENT_TYPE="PLAYER" />
</dataset>