<?xml version="1.0" encoding="UTF-8"?>
<dataset>

  <_PERSONS _ID="1" _FIRST_NAME="Max" _LAST_NAME="Meier" _GENDER="MALE" _DATE_OF_BIRTH="1968-01-12" />
  <_PERSONS _ID="2" _FIRST_NAME="Üöä" _LAST_NAME="Äöüß" _GENDER="UNKNOWN" _DATE_OF_BIRTH="1970-01-01" />
  <_OPPONENTS _ID="1" _status="ACTIVE" />
  <_OPPONENTS _ID="2" _status="ACTIVE" />
  <_PLAYERS _ID="1" _PERSON_ID="1" />
  <_PLAYERS _ID="2" _PERSON_ID="2" />

  <_RESULTS _ID="1" _HOME_SCORE="10" _GUEST_SCORE="5" _POSITION="1" />
  <_RESULTS _ID="2" _HOME_SCORE="5" _GUEST_SCORE="10" _POSITION="2" />
  
  <_MATCHES _ID="1" _HOME_ID="1" _GUEST_ID="2" _POSITION="1" _RUNNING="FALSE" _FINISHED_TIME="[NULL]" />
  
  <_MATCH_RESULTS _MATCH_ID="1" _RESULT_ID="1" />
  <_MATCH_RESULTS _MATCH_ID="1" _RESULT_ID="2" />
   
</dataset>