<?xml version="1.0" encoding="UTF-8"?>
<dataset>
  <_ROUNDS _ID="1" />
</dataset>