<?xml version="1.0" encoding="UTF-8"?>
<dataset>
  <PERSONS ID="1" FIRST_NAME="Max" LAST_NAME="Meier" GENDER="MALE" DATE_OF_BIRTH="1968-01-12" />
  <PERSONS ID="2" FIRST_NAME="Üöä" LAST_NAME="Äöüß" GENDER="UNKNOWN" DATE_OF_BIRTH="1970-01-01" />
    
  <OPPONENTS ID="1" status="ACTIVE" TYPE="P"/>
  <OPPONENTS ID="2" status="INACTIVE" TYPE="P"/>
  
  <PLAYERS ID="1" PERSON_ID="1" />
  <PLAYERS ID="2" PERSON_ID="2" />
</dataset>