<?xml version="1.0" encoding="UTF-8"?>
<dataset>
  <_RESULTS _ID="1" _HOME_SCORE="10" _GUEST_SCORE="5" _POSITION="1" />
  <_RESULTS _ID="2" _HOME_SCORE="5" _GUEST_SCORE="10" _POSITION="2" />
  <_RESULTS _ID="3" _HOME_SCORE="1" _GUEST_SCORE="1" _POSITION="3" />
</dataset>