<?xml version="1.0" encoding="UTF-8"?>
<dataset>
  <_COURTS _ID="1" _NR="1" />

  <_TOURNAMENTS _ID="1" _NAME="Testturnier-1" />
  <_TOURNAMENTS _ID="2" _NAME="Testturnier-2" />
  
  <_GYMNASIUMS _ID="1" _NAME="Halle-1" />
  <_GYMNASIUMS _ID="2" _NAME="Halle-2" />

  <_GYMNASIUM_COURTS _GYMNASIUM_ID="1" _COURT_ID="1" />

  <_TOURNAMENT_GYMNASIUMS _TOURNAMENT_ID="1" _GYMNASIUM_ID="1" />
  <_TOURNAMENT_GYMNASIUMS _TOURNAMENT_ID="1" _GYMNASIUM_ID="2" />
</dataset>