<?xml version="1.0" encoding="UTF-8"?>
<dataset>
  <_TOURNAMENTS _ID="1" _NAME="Testturnier-1" />
  <_TOURNAMENTS _ID="2" _NAME="Testturnier-2" />

  <_DISCIPLINES _ID="1" _NAME="DD" />
  <_RESTRICTIONS _ID="1" />
  <_RESTRICTIONS _ID="2" />
  <_RESTRICTIONS _ID="3" />
  <_AGE_RESTRICTIONS _ID="1" _MIN_DATE_OF_BIRTH="2000-01-01" _MAX_DATE_OF_BIRTH="2002-12-31" />
  <_GENDER_RESTRICTIONS _ID="2" _GENDER="F" />
  <_OPPONENT_TYPE_RESTRICTIONS _ID="3" _OPPONENT_TYPE="SQUAD" />

  <_PERSONS _ID="1" _FIRST_NAME="Max" _LAST_NAME="Meier" _GENDER="M" _DATE_OF_BIRTH="1968-01-12" />
  <_PERSONS _ID="2" _FIRST_NAME="Üöä" _LAST_NAME="Aöüß" _GENDER="U" _DATE_OF_BIRTH="1970-01-01" />
  <_PERSONS _ID="3" _FIRST_NAME="nimmt_nicht_am_turnier_teil" _LAST_NAME="huhu" _GENDER="U" _DATE_OF_BIRTH="1970-01-01" />
  <_PERSONS _ID="4" _FIRST_NAME="nimmt_nicht_am_turnier_teil" _LAST_NAME="huhu" _GENDER="U" _DATE_OF_BIRTH="1970-01-01" />
  <_PERSONS _ID="5" _FIRST_NAME="KeinemTurnierZugeordnetVorname" _LAST_NAME="KeineTurnierZugeordnetNachname" _GENDER="U" _DATE_OF_BIRTH="1970-01-01" />
    
  <_OPPONENTS _ID="1" _status="ACTIVE" />
  <_OPPONENTS _ID="2" _status="ACTIVE" />
  <_OPPONENTS _ID="3" _status="ACTIVE" />
  <_OPPONENTS _ID="4" _status="ACTIVE" />
  <_OPPONENTS _ID="5" _status="ACTIVE" />
  <_OPPONENTS _ID="6" _status="ACTIVE" />
  
  <_PLAYERS _ID="1" _PERSON_ID="1" />
  <_PLAYERS _ID="2" _PERSON_ID="2" />
  <_PLAYERS _ID="4" _PERSON_ID="3" />
  <_PLAYERS _ID="5" _PERSON_ID="4" />
  <!-- Player ist keinem Turnier zugeordnet -->
  <_PLAYERS _ID="6" _PERSON_ID="5" />

  <_SQUADS _ID="3" />
  <_SQUAD_PLAYERS _SQUAD_ID="3" _PLAYER_ID="1" />
  <_SQUAD_PLAYERS _SQUAD_ID="3" _PLAYER_ID="2" />

  <_DISCIPLINES_OPPONENTS _DISCIPLINE_ID="1" _OPPONENT_ID="1" />
  <_DISCIPLINES_OPPONENTS _DISCIPLINE_ID="1" _OPPONENT_ID="2" />
  <_DISCIPLINES_RESTRICTIONS _DISCIPLINE_ID="1" _RESTRICTION_ID="1" />
  <_DISCIPLINES_RESTRICTIONS _DISCIPLINE_ID="1" _RESTRICTION_ID="2" />
  <_DISCIPLINES_RESTRICTIONS _DISCIPLINE_ID="1" _RESTRICTION_ID="3" />
  <_TOURNAMENT_DISCIPLINES _TOURNAMENT_ID="1" _DISCIPLINE_ID="1" />

  <_ROUNDS _ID="1" _POSITION="1" _QUALIFIED="0" _SYSTEM="ROUND_ROBIN" />
  <_ROUNDS _ID="2" _POSITION="2" _QUALIFIED="0" _SYSTEM="ROUND_ROBIN" />
  <_ROUNDS _ID="3" _POSITION="3" _QUALIFIED="0" _SYSTEM="ROUND_ROBIN" />
  <_DISCIPLINES_ROUNDS _DISCIPLINE_ID="1" _ROUND_ID="1" />
  <_DISCIPLINES_ROUNDS _DISCIPLINE_ID="1" _ROUND_ID="2" />
  <_DISCIPLINES_ROUNDS _DISCIPLINE_ID="1" _ROUND_ID="3" />

  <_TOURNAMENT_OPPONENTS _TOURNAMENT_ID="1" _OPPONENT_ID="1" />
  <_TOURNAMENT_OPPONENTS _TOURNAMENT_ID="1" _OPPONENT_ID="2" />
  <_TOURNAMENT_OPPONENTS _TOURNAMENT_ID="1" _OPPONENT_ID="3" />
  <_TOURNAMENT_OPPONENTS _TOURNAMENT_ID="2" _OPPONENT_ID="5" />
</dataset>