<?xml version="1.0" encoding="UTF-8"?>
<dataset>
  <PERSONS ID="1" FIRST_NAME="Max" LAST_NAME="Meier" GENDER="MALE" DATE_OF_BIRTH="1968-01-12" />
  <PERSONS ID="2" FIRST_NAME="Üöä" LAST_NAME="Äöüß" GENDER="UNKNOWN" DATE_OF_BIRTH="1970-01-01" />
  <PERSONS ID="3" FIRST_NAME="vn3" LAST_NAME="nn3" GENDER="MALE" DATE_OF_BIRTH="1968-01-12" />
  <PERSONS ID="4" FIRST_NAME="vn4" LAST_NAME="nn4" GENDER="UNKNOWN" DATE_OF_BIRTH="1970-01-01" />
  
  <OPPONENTS ID="1" status="ACTIVE" TYPE="P"/>
  <OPPONENTS ID="2" status="INACTIVE" TYPE="P"/>
  <OPPONENTS ID="3" status="ACTIVE" TYPE="P"/>
  <OPPONENTS ID="4" status="INACTIVE" TYPE="P"/>
  <OPPONENTS ID="5" status="ACTIVE" TYPE="S"/>
  <OPPONENTS ID="6" status="ACTIVE" TYPE="S"/>
    
  <PLAYERS ID="1" PERSON_ID="1" />
  <PLAYERS ID="2" PERSON_ID="2" />
  <PLAYERS ID="3" PERSON_ID="3" />
  <PLAYERS ID="4" PERSON_ID="4" />
  
  <SQUADS ID="5" />
  <SQUADS ID="6" />
  
  <SQUAD_PLAYERS SQUAD_ID="5" PLAYER_ID="1" />
  <SQUAD_PLAYERS SQUAD_ID="5" PLAYER_ID="2" />
  <SQUAD_PLAYERS SQUAD_ID="6" PLAYER_ID="3" />
  <SQUAD_PLAYERS SQUAD_ID="6" PLAYER_ID="4" />
  
  <TOURNAMENTS ID="1" NAME="name_1" />
  
  <TOURNAMENT_OPPONENTS TOURNAMENT_ID="1" OPPONENT_ID="5" />
  <TOURNAMENT_OPPONENTS TOURNAMENT_ID="1" OPPONENT_ID="6" />
</dataset>