<?xml version="1.0" encoding="UTF-8"?>
<dataset>
  <_CLUBS _ID="1" _NAME="Dings" />
  <_CLUBS _ID="2" _NAME="Bums" />
</dataset>