<?xml version="1.0" encoding="UTF-8"?>
<dataset>
  <RESULTS RESULT_ID="1" HOME_SCORE="10" GUEST_SCORE="5" POSITION="1" />
  <RESULTS RESULT_ID="2" HOME_SCORE="5" GUEST_SCORE="10" POSITION="2" />
  <RESULTS RESULT_ID="3" HOME_SCORE="1" GUEST_SCORE="1" POSITION="3" />
</dataset>