<?xml version="1.0" encoding="UTF-8"?>
<dataset>
  <TOURNAMENTS TOURNAMENT_ID="1" NAME="Testturnier-1" />
  <TOURNAMENTS TOURNAMENT_ID="2" NAME="Testturnier-2" />
  
  <GYMNASIUMS GYMNASIUM_ID="1" NAME="Halle-1" />
  <GYMNASIUMS GYMNASIUM_ID="2" NAME="Halle-2" />

  <TOURNAMENT_GYMNASIUMS TOURNAMENT_ID="1" GYMNASIUM_ID="1" />
  <TOURNAMENT_GYMNASIUMS TOURNAMENT_ID="1" GYMNASIUM_ID="2" />
</dataset>